<?xml version="1.0" encoding="UTF-8"?>
<!-- Generated by org.testng.reporters.JUnitReportReporter -->
<testsuite hostname="AKSHAY-1106" failures="0" tests="1" name="com.purchasemodule.CreatePOTest" time="23.158" errors="0" timestamp="20 Nov 2021 10:25:15 GMT" skipped="0">
  <testcase classname="com.purchasemodule.CreatePOTest" name="createPOTest" time="23.158"/>
</testsuite> <!-- com.purchasemodule.CreatePOTest -->
