<?xml version="1.0" encoding="UTF-8"?>
<!-- Generated by org.testng.reporters.JUnitReportReporter -->
<testsuite hostname="AKSHAY-1106" failures="0" tests="1" name="com.purchasemodule.PurchaseOrderTest" time="29.755" errors="0" timestamp="20 Nov 2021 17:07:20 GMT" skipped="0">
  <testcase classname="com.purchasemodule.PurchaseOrderTest" name="purchaseOrderTest" time="29.755"/>
</testsuite> <!-- com.purchasemodule.PurchaseOrderTest -->
